<?xml version="1.0" encoding="UTF-8"?>
<testng-results ignored="0" total="1" passed="1" failed="0" skipped="0">
  <reporter-output>
  </reporter-output>
  <suite started-at="2022-09-03T16:17:12 CDT" name="Suite" finished-at="2022-09-03T16:17:13 CDT" duration-ms="1344">
    <groups>
    </groups>
    <test started-at="2022-09-03T16:17:12 CDT" name="Test" finished-at="2022-09-03T16:17:13 CDT" duration-ms="1344">
      <class name="com.restapiexample.dummy.TC_Employees">
        <test-method signature="test_getAllEmployees()[pri:0, instance:com.restapiexample.dummy.TC_Employees@5c33f1a9]" started-at="2022-09-03T16:17:12 CDT" name="test_getAllEmployees" finished-at="2022-09-03T16:17:13 CDT" duration-ms="1321" status="PASS">
          <reporter-output>
          </reporter-output>
        </test-method> <!-- test_getAllEmployees -->
      </class> <!-- com.restapiexample.dummy.TC_Employees -->
    </test> <!-- Test -->
  </suite> <!-- Suite -->
</testng-results>
